nohup: ignoring input
$ bun run --watch src/index.ts
[Payments] Using payment provider: stripe
Server running on http://localhost:3001
20 | } else if (typeof entryNamespace?.default?.feerror: script "dev" was terminated by signal SIGTERM (Polite quit request)
var server = globalThis[hmrSymbol];
22 |    if (server) {
23 |       server.reload(entryNamespace.default);
24 |       console.debug(`Reloaded ${server.development ? 'development ' : ''}server: ${server.protocol}://${server.hostname}:${server.port}`);
25 |       server = globalThis[hmrSymbol] = Bun.serve(entryNamespace.default);
     ^
error: Failed to start server. Is port 3001 in use?
 syscall: "listen",
   errno: 0,
    code: "EADDRINUSE"

      at bun:main:25:49
      at loadAndEvaluateModule (2:1)
[Payments] Using payment provider: stripe
Server running on http://localhost:3001
Started development server: http://localhost:3001
[Payments] Using payment provider: stripe
Server running on http://localhost:3001
20 | } else if (typeof entryNamespace?.default?.fetch === 'function' || entryNamespace?.default?.app != undefined) {
21 |    var server = globalThis[hmrSymbol];
22 |    if (server) {
23 |       server.reload(entryNamespace.default);
24 |       console.debug(`Reloaded ${server.development ? 'development ' : ''}server: ${server.protocol}://${server.hostname}:${server.port}`);
25 |       server = globalThis[hmrSymbol] = Bun.serve(entryNamespace.default);
     ^
error: Failed to start server. Is port 3001 in use?
 syscall: "listen",
   errno: 0,
    code: "EADDRINUSE"

      at bun:main:25:49
      at loadAndEvaluateModule (2:1)
error: script "dev" was terminated by signal SIGHUP (Terminal hung up)
